<?xml version="1.0" encoding="UTF-8"?>
<testsuite xmlns:xsi="http://www.w3.org/2001/XMLSchema-instance" xsi:noNamespaceSchemaLocation="https://maven.apache.org/surefire/maven-surefire-plugin/xsd/surefire-test-report.xsd" name="com.portfoliomanager.Authorization.AuthorizationApplicationTests" time="8.013" tests="12" errors="0" skipped="0" failures="0">
  <properties>
[...]
</properties>
  <testcase name="testJwtResponseToken" classname="com.portfoliomanager.Authorization.AuthorizationApplicationTests" time="0.27"/>
  <testcase name="testUserUserName" classname="com.portfoliomanager.Authorization.AuthorizationApplicationTests" time="0.003"/>
  <testcase name="testAuthUserName" classname="com.portfoliomanager.Authorization.AuthorizationApplicationTests" time="0.004"/>
  <testcase name="testUserDetailWithIdId" classname="com.portfoliomanager.Authorization.AuthorizationApplicationTests" time="0.004"/>
  <testcase name="validateTest" classname="com.portfoliomanager.Authorization.AuthorizationApplicationTests" time="0.257"/>
  <testcase name="contextLoads" classname="com.portfoliomanager.Authorization.AuthorizationApplicationTests" time="0.004"/>
  <testcase name="authenticateTest" classname="com.portfoliomanager.Authorization.AuthorizationApplicationTests" time="0.049"/>
  <testcase name="testUserDetailWithIdPassword" classname="com.portfoliomanager.Authorization.AuthorizationApplicationTests" time="0.003"/>
  <testcase name="testJwtResonseId" classname="com.portfoliomanager.Authorization.AuthorizationApplicationTests" time="0.004"/>
  <testcase name="testUserPassword" classname="com.portfoliomanager.Authorization.AuthorizationApplicationTests" time="0.002"/>
  <testcase name="testUserId" classname="com.portfoliomanager.Authorization.AuthorizationApplicationTests" time="0.003"/>
  <testcase name="testAuthPassword" classname="com.portfoliomanager.Authorization.AuthorizationApplicationTests" time="0.003"/>
</testsuite>